<?xml version="1.0" encoding="UTF-8"?>
<!-- Generated by org.testng.reporters.JUnitReportReporter -->
<testsuite hostname="Jyotheeswar-PC" failures="0" tests="1" name="com.Login.pack.TestLogin" time="0.000" errors="0" timestamp="2023-12-22T11:44:11 IST" skipped="1">
  <testcase classname="com.Login.pack.TestLogin" name="Login" time="0.000">
    <skipped/>
  </testcase> <!-- Login -->
  <system-out/>
</testsuite> <!-- com.Login.pack.TestLogin -->
